<?xml version="1.0" encoding="UTF-8"?>
<!-- Generated by org.testng.reporters.JUnitXMLReporter -->
<testsuite ignored="0" hostname="Vishnus-MBP.home" failures="0" tests="2" name="Surefire test" time="1.589" errors="0" timestamp="2026-01-08T19:54:54 GMT-06:00">
  <testcase classname="com.vishnu.automation.tests.GoogleTest" name="openGoogleAndCheckTitle" time="1.575"/>
  <testcase classname="com.vishnu.automation.tests.FirstTest" name="verifyTestNg" time="0.0"/>
</testsuite> <!-- Surefire test -->
