<?xml version="1.0" encoding="UTF-8"?>
<testng-results ignored="0" total="2" passed="2" failed="0" skipped="0">
  <reporter-output>
  </reporter-output>
  <suite started-at="2026-01-14T20:58:15 GMT-06:00" name="Surefire suite" finished-at="2026-01-14T20:58:17 GMT-06:00" duration-ms="1731">
    <groups>
    </groups>
    <test started-at="2026-01-14T20:58:15 GMT-06:00" name="Surefire test" finished-at="2026-01-14T20:58:17 GMT-06:00" duration-ms="1731">
      <class name="com.vishnu.automation.tests.FirstTest">
        <test-method signature="verifyTestNg()[pri:0, instance:com.vishnu.automation.tests.FirstTest@58fdd99]" started-at="2026-01-14T20:58:17 GMT-06:00" name="verifyTestNg" finished-at="2026-01-14T20:58:17 GMT-06:00" duration-ms="0" status="PASS">
          <reporter-output>
          </reporter-output>
        </test-method> <!-- verifyTestNg -->
      </class> <!-- com.vishnu.automation.tests.FirstTest -->
      <class name="com.vishnu.automation.tests.GoogleTest">
        <test-method signature="openGoogleAndCheckTitle()[pri:0, instance:com.vishnu.automation.tests.GoogleTest@646be2c3]" started-at="2026-01-14T20:58:15 GMT-06:00" name="openGoogleAndCheckTitle" finished-at="2026-01-14T20:58:17 GMT-06:00" duration-ms="1717" status="PASS">
          <reporter-output>
          </reporter-output>
        </test-method> <!-- openGoogleAndCheckTitle -->
      </class> <!-- com.vishnu.automation.tests.GoogleTest -->
    </test> <!-- Surefire test -->
  </suite> <!-- Surefire suite -->
</testng-results>
